2026-04-10 09:10:05 [INFO] ============================================================
2026-04-10 09:10:05 [INFO] 🔄 QC Dashboard 自动刷新启动
2026-04-10 09:10:05 [INFO]    时间: 2026-04-10 09:10:05
2026-04-10 09:10:05 [INFO]    模式: 正式执行
2026-04-10 09:10:05 [INFO] ============================================================
2026-04-10 09:10:05 [ERROR] ❌ 刷新失败: No module named 'yaml'
Traceback (most recent call last):
  File "/Users/laitianyou/WorkBuddy/20260408163242/qc-dashboard/scripts/auto_refresh.py", line 138, in main
    config = load_config()
  File "/Users/laitianyou/WorkBuddy/20260408163242/qc-dashboard/scripts/auto_refresh.py", line 48, in load_config
    import yaml
ModuleNotFoundError: No module named 'yaml'
2026-04-10 09:30:43 [INFO] ============================================================
2026-04-10 09:30:43 [INFO] 🔄 QC Dashboard 自动刷新启动
2026-04-10 09:30:43 [INFO]    时间: 2026-04-10 09:30:43
2026-04-10 09:30:43 [INFO]    模式: 正式执行
2026-04-10 09:30:43 [INFO] ============================================================
2026-04-10 09:30:43 [INFO] 📊 [1/4] 检测数据缺口...
2026-04-10 09:30:43 [INFO]    ✅ 数据连续，最新日期: 2026-04-09
2026-04-10 09:30:43 [INFO] 📡 [2/4] 从企微API拉取数据...
2026-04-10 09:30:43 [ERROR] ❌ wecom-cli 未初始化！请先运行: python src/collector.py setup
2026-04-10 09:30:56 [INFO] ============================================================
2026-04-10 09:30:56 [INFO] 🔄 QC Dashboard 自动刷新启动
2026-04-10 09:30:56 [INFO]    时间: 2026-04-10 09:30:56
2026-04-10 09:30:56 [INFO]    模式: 正式执行
2026-04-10 09:30:56 [INFO] ============================================================
2026-04-10 09:30:56 [INFO] 📊 [1/4] 检测数据缺口...
2026-04-10 09:30:56 [INFO]    ✅ 数据连续，最新日期: 2026-04-09
2026-04-10 09:30:56 [INFO] 📡 [2/4] 从企微API拉取数据...
2026-04-10 09:30:56 [ERROR] ❌ wecom-cli 未初始化！请先运行: python src/collector.py setup
2026-04-10 12:18:29 [INFO] ============================================================
2026-04-10 12:18:29 [INFO] 🔄 QC Dashboard 自动刷新启动
2026-04-10 12:18:29 [INFO]    时间: 2026-04-10 12:18:29
2026-04-10 12:18:29 [INFO]    模式: DRY-RUN（仅检查）
2026-04-10 12:18:29 [INFO] ============================================================
2026-04-10 12:18:29 [INFO] 📊 [1/4] 检测数据缺口...
2026-04-10 12:18:29 [INFO]    ✅ 数据连续，最新日期: 2026-04-09
2026-04-10 12:18:29 [INFO] 🏁 DRY-RUN 模式，不执行实际操作
2026-04-10 13:15:18 [INFO] ============================================================
2026-04-10 13:15:18 [INFO] 🔄 QC Dashboard 自动刷新启动
2026-04-10 13:15:18 [INFO]    时间: 2026-04-10 13:15:18
2026-04-10 13:15:18 [INFO]    模式: 正式执行
2026-04-10 13:15:18 [INFO] ============================================================
2026-04-10 13:15:18 [INFO] 📊 [1/4] 检测数据缺口...
2026-04-10 13:15:18 [INFO]    ✅ 数据连续，最新日期: 2026-04-09
2026-04-10 13:15:18 [INFO] 📡 [2/4] 拉取数据 (模式: playwright)...
2026-04-10 13:15:18 [INFO]    启动 Playwright 自动下载...
2026-04-10 13:34:54 [INFO]    下载了 7 个文件: ['/Users/laitianyou/WorkBuddy/20260408163242/qc-dashboard/data/uploads/投放误漏_20260410_131858.xlsx', '/Users/laitianyou/WorkBuddy/20260408163242/qc-dashboard/data/uploads/简单二审_20260410_132438.xlsx', '/Users/laitianyou/WorkBuddy/20260408163242/qc-dashboard/data/uploads/四期-二审GT_20260410_132729.xlsx', '/Users/laitianyou/WorkBuddy/20260408163242/qc-dashboard/data/uploads/四期-二审GT_20260410_132729.xlsx', '/Users/laitianyou/WorkBuddy/20260408163242/qc-dashboard/data/uploads/四期-举报_20260410_133022.xlsx', '/Users/laitianyou/WorkBuddy/20260408163242/qc-dashboard/data/uploads/拉黑误漏_20260410_133408.xlsx', '/Users/laitianyou/WorkBuddy/20260408163242/qc-dashboard/data/uploads/上墙文本_20260410_133454.xlsx']
2026-04-10 13:34:55 [INFO] 📂 处理文件: 投放误漏_20260410_131858.xlsx
2026-04-10 13:34:55 [INFO]   工作表: 量级登记 (共 10 个子表)
2026-04-10 13:34:55 [INFO]   数据维度: 486 行 × 28 列
2026-04-10 13:34:55 [INFO]   ✅ 导入 484 条记录 → 队列 [投放误漏]
2026-04-10 13:34:55 [INFO]   🗑️ 已删除: 投放误漏_20260410_131858.xlsx
2026-04-10 13:34:55 [INFO]    ✅ 导入 /Users/laitianyou/WorkBuddy/20260408163242/qc-dashboard/data/uploads/投放误漏_20260410_131858.xlsx: 484 条
2026-04-10 13:34:55 [INFO] 📂 处理文件: 简单二审_20260410_132438.xlsx
2026-04-10 13:34:58 [INFO]   工作表: 量级登记 (共 14 个子表)
2026-04-10 13:34:58 [INFO]   数据维度: 426 行 × 90 列
2026-04-10 13:34:59 [INFO]   ✅ 导入 165 条记录 → 队列 [简单二审]
2026-04-10 13:34:59 [INFO]   🗑️ 已删除: 简单二审_20260410_132438.xlsx
2026-04-10 13:34:59 [INFO]    ✅ 导入 /Users/laitianyou/WorkBuddy/20260408163242/qc-dashboard/data/uploads/简单二审_20260410_132438.xlsx: 165 条
2026-04-10 13:34:59 [INFO] 📂 处理文件: 四期-二审GT_20260410_132729.xlsx
2026-04-10 13:34:59 [INFO]   工作表: 云雀四期结算 (共 19 个子表)
2026-04-10 13:34:59 [INFO]   数据维度: 262 行 × 126 列
2026-04-10 13:34:59 [INFO]   ✅ 导入 174 条记录 → 队列 [四期-二审GT]
2026-04-10 13:34:59 [INFO]   🗑️ 已删除: 四期-二审GT_20260410_132729.xlsx
2026-04-10 13:34:59 [INFO]    ✅ 导入 /Users/laitianyou/WorkBuddy/20260408163242/qc-dashboard/data/uploads/四期-二审GT_20260410_132729.xlsx: 174 条
2026-04-10 13:34:59 [INFO] 📂 处理文件: 四期-二审GT_20260410_132729.xlsx
2026-04-10 13:34:59 [ERROR]   calamine 读取失败: [Errno 2] No such file or directory: '/Users/laitianyou/WorkBuddy/20260408163242/qc-dashboard/data/uploads/四期-二审GT_20260410_132729.xlsx'
2026-04-10 13:34:59 [INFO]    ✅ 导入 /Users/laitianyou/WorkBuddy/20260408163242/qc-dashboard/data/uploads/四期-二审GT_20260410_132729.xlsx: 0 条
2026-04-10 13:34:59 [INFO] 📂 处理文件: 四期-举报_20260410_133022.xlsx
2026-04-10 13:34:59 [INFO]   工作表: 云雀四期结算 (共 9 个子表)
2026-04-10 13:34:59 [INFO]   数据维度: 257 行 × 43 列
2026-04-10 13:35:00 [INFO]   ✅ 导入 253 条记录 → 队列 [四期-举报]
2026-04-10 13:35:00 [INFO]   🗑️ 已删除: 四期-举报_20260410_133022.xlsx
2026-04-10 13:35:00 [INFO]    ✅ 导入 /Users/laitianyou/WorkBuddy/20260408163242/qc-dashboard/data/uploads/四期-举报_20260410_133022.xlsx: 253 条
2026-04-10 13:35:00 [INFO] 📂 处理文件: 拉黑误漏_20260410_133408.xlsx
2026-04-10 13:35:00 [INFO]   工作表: 量级登记 (共 16 个子表)
2026-04-10 13:35:00 [INFO]   数据维度: 442 行 × 33 列
2026-04-10 13:35:00 [INFO]   ✅ 导入 0 条记录 → 队列 [拉黑误漏]
2026-04-10 13:35:00 [INFO]   🗑️ 已删除: 拉黑误漏_20260410_133408.xlsx
2026-04-10 13:35:00 [INFO]    ✅ 导入 /Users/laitianyou/WorkBuddy/20260408163242/qc-dashboard/data/uploads/拉黑误漏_20260410_133408.xlsx: 0 条
2026-04-10 13:35:00 [INFO] 📂 处理文件: 上墙文本_20260410_133454.xlsx
2026-04-10 13:35:00 [INFO]   工作表: 准确率（新） (共 5 个子表)
2026-04-10 13:35:00 [INFO]   数据维度: 64 行 × 28 列
2026-04-10 13:35:00 [INFO]   ✅ 导入 35 条记录 → 队列 [上墙文本]
2026-04-10 13:35:00 [INFO]   🗑️ 已删除: 上墙文本_20260410_133454.xlsx
2026-04-10 13:35:00 [INFO]    ✅ 导入 /Users/laitianyou/WorkBuddy/20260408163242/qc-dashboard/data/uploads/上墙文本_20260410_133454.xlsx: 35 条
2026-04-10 13:35:00 [INFO]    ✅ 新增/更新 1111 条记录
2026-04-10 13:35:00 [INFO] 🧹 [3/4] 清理未来日期...
2026-04-10 13:35:00 [INFO]    ✅ 删除 407 条未来日期记录
2026-04-10 13:35:00 [INFO] 📋 [4/4] 刷新完成汇总:
2026-04-10 13:35:00 [INFO]    📥 新增记录: 1111
2026-04-10 13:35:00 [INFO]    🧹 未来日期清理: 407
2026-04-10 13:35:00 [INFO]    📅 数据库最新: 2026-04-10
2026-04-10 13:35:00 [INFO]    ✅ 数据已同步到今天 (2026-04-10)
2026-04-10 13:35:00 [INFO] ============================================================
2026-04-10 13:35:00 [INFO] 🎉 自动刷新完成！
2026-04-10 13:35:00 [INFO] ============================================================
2026-04-10 13:35:00 [INFO] 📤 触发每日数据推送...
2026-04-10 13:35:00 [WARNING]    ⚠️ 推送失败: 未知
2026-04-10 14:19:48 [INFO] ============================================================
2026-04-10 14:19:48 [INFO] 🔄 QC Dashboard 自动刷新启动
2026-04-10 14:19:48 [INFO]    时间: 2026-04-10 14:19:48
2026-04-10 14:19:48 [INFO]    模式: DRY-RUN（仅检查）
2026-04-10 14:19:48 [INFO] ============================================================
2026-04-10 14:19:48 [INFO] 📊 [1/4] 检测数据缺口...
2026-04-10 14:19:48 [INFO]    ✅ 数据连续，最新日期: 2026-04-10
2026-04-10 14:19:48 [INFO] 🏁 DRY-RUN 模式，不执行实际操作
2026-04-10 18:15:04 [INFO] ============================================================
2026-04-10 18:15:04 [INFO] 🔄 QC Dashboard 自动刷新启动
2026-04-10 18:15:04 [INFO]    时间: 2026-04-10 18:15:04
2026-04-10 18:15:04 [INFO]    模式: 正式执行
2026-04-10 18:15:04 [INFO] ============================================================
2026-04-10 18:15:04 [INFO] 📊 [1/4] 检测数据缺口...
2026-04-10 18:15:04 [INFO]    ✅ 数据连续，最新日期: 2026-04-10
2026-04-10 18:15:04 [INFO] 📡 [2/4] 拉取数据 (模式: playwright)...
2026-04-10 18:15:05 [INFO]    启动 Playwright 自动下载...
2026-04-10 18:36:07 [INFO]    下载了 7 个文件: ['/Users/laitianyou/WorkBuddy/20260408163242/qc-dashboard/data/uploads/投放误漏_20260410_181942.xlsx', '/Users/laitianyou/WorkBuddy/20260408163242/qc-dashboard/data/uploads/简单二审_20260410_182624.xlsx', '/Users/laitianyou/WorkBuddy/20260408163242/qc-dashboard/data/uploads/四期-二审GT_20260410_182932.xlsx', '/Users/laitianyou/WorkBuddy/20260408163242/qc-dashboard/data/uploads/四期-二审GT_20260410_182932.xlsx', '/Users/laitianyou/WorkBuddy/20260408163242/qc-dashboard/data/uploads/四期-举报_20260410_183203.xlsx', '/Users/laitianyou/WorkBuddy/20260408163242/qc-dashboard/data/uploads/拉黑误漏_20260410_183514.xlsx', '/Users/laitianyou/WorkBuddy/20260408163242/qc-dashboard/data/uploads/上墙文本_20260410_183607.xlsx']
2026-04-10 18:36:08 [INFO] 📂 处理文件: 投放误漏_20260410_181942.xlsx
2026-04-10 18:36:08 [INFO]   工作表: 量级登记 (共 10 个子表)
2026-04-10 18:36:08 [INFO]   数据维度: 486 行 × 28 列
2026-04-10 18:36:08 [INFO]   ✅ 导入 484 条记录 → 队列 [投放误漏]
2026-04-10 18:36:08 [INFO]   🗑️ 已删除: 投放误漏_20260410_181942.xlsx
2026-04-10 18:36:08 [INFO]    ✅ 导入 /Users/laitianyou/WorkBuddy/20260408163242/qc-dashboard/data/uploads/投放误漏_20260410_181942.xlsx: 484 条
2026-04-10 18:36:08 [INFO] 📂 处理文件: 简单二审_20260410_182624.xlsx
2026-04-10 18:36:14 [INFO]   工作表: 量级登记 (共 14 个子表)
2026-04-10 18:36:14 [INFO]   数据维度: 426 行 × 90 列
2026-04-10 18:36:14 [INFO]   ✅ 导入 165 条记录 → 队列 [简单二审]
2026-04-10 18:36:14 [INFO]   🗑️ 已删除: 简单二审_20260410_182624.xlsx
2026-04-10 18:36:14 [INFO]    ✅ 导入 /Users/laitianyou/WorkBuddy/20260408163242/qc-dashboard/data/uploads/简单二审_20260410_182624.xlsx: 165 条
2026-04-10 18:36:14 [INFO]    📋 共享文件备份(2个队列共用): 四期-二审GT_20260410_182932_shared2.xlsx
2026-04-10 18:36:14 [INFO] 📂 处理文件: 四期-二审GT_20260410_182932.xlsx
2026-04-10 18:36:15 [INFO]   工作表: 云雀四期结算 (共 19 个子表)
2026-04-10 18:36:15 [INFO]   数据维度: 262 行 × 126 列
2026-04-10 18:36:15 [INFO]   ✅ 导入 174 条记录 → 队列 [四期-二审GT]
2026-04-10 18:36:15 [INFO]   🗑️ 已删除: 四期-二审GT_20260410_182932.xlsx
2026-04-10 18:36:15 [INFO]    ✅ 导入 /Users/laitianyou/WorkBuddy/20260408163242/qc-dashboard/data/uploads/四期-二审GT_20260410_182932.xlsx: 174 条
2026-04-10 18:36:15 [INFO] 📂 处理文件: 四期-二审GT_20260410_182932_shared2.xlsx
2026-04-10 18:36:15 [INFO]   工作表: 云雀四期结算 (共 19 个子表)
2026-04-10 18:36:15 [INFO]   数据维度: 262 行 × 126 列
2026-04-10 18:36:15 [INFO]   ✅ 导入 174 条记录 → 队列 [四期-二审GT]
2026-04-10 18:36:15 [INFO]   🗑️ 已删除: 四期-二审GT_20260410_182932_shared2.xlsx
2026-04-10 18:36:15 [INFO]    ✅ 导入 /Users/laitianyou/WorkBuddy/20260408163242/qc-dashboard/data/uploads/四期-二审GT_20260410_182932_shared2.xlsx: 174 条
2026-04-10 18:36:15 [INFO] 📂 处理文件: 四期-举报_20260410_183203.xlsx
2026-04-10 18:36:16 [INFO]   工作表: 云雀四期结算 (共 9 个子表)
2026-04-10 18:36:16 [INFO]   数据维度: 257 行 × 43 列
2026-04-10 18:36:16 [INFO]   ✅ 导入 253 条记录 → 队列 [四期-举报]
2026-04-10 18:36:16 [INFO]   🗑️ 已删除: 四期-举报_20260410_183203.xlsx
2026-04-10 18:36:16 [INFO]    ✅ 导入 /Users/laitianyou/WorkBuddy/20260408163242/qc-dashboard/data/uploads/四期-举报_20260410_183203.xlsx: 253 条
2026-04-10 18:36:16 [INFO] 📂 处理文件: 拉黑误漏_20260410_183514.xlsx
2026-04-10 18:36:17 [INFO]   工作表: 量级登记 (共 16 个子表)
2026-04-10 18:36:17 [INFO]   数据维度: 442 行 × 33 列
2026-04-10 18:36:17 [INFO]   ✅ 导入 440 条记录 → 队列 [拉黑误漏]
2026-04-10 18:36:17 [INFO]   🗑️ 已删除: 拉黑误漏_20260410_183514.xlsx
2026-04-10 18:36:17 [INFO]    ✅ 导入 /Users/laitianyou/WorkBuddy/20260408163242/qc-dashboard/data/uploads/拉黑误漏_20260410_183514.xlsx: 440 条
2026-04-10 18:36:17 [INFO] 📂 处理文件: 上墙文本_20260410_183607.xlsx
2026-04-10 18:36:17 [INFO]   工作表: 准确率（新） (共 5 个子表)
2026-04-10 18:36:17 [INFO]   数据维度: 64 行 × 28 列
2026-04-10 18:36:17 [INFO]   ✅ 导入 35 条记录 → 队列 [上墙文本]
2026-04-10 18:36:17 [INFO]   🗑️ 已删除: 上墙文本_20260410_183607.xlsx
2026-04-10 18:36:17 [INFO]    ✅ 导入 /Users/laitianyou/WorkBuddy/20260408163242/qc-dashboard/data/uploads/上墙文本_20260410_183607.xlsx: 35 条
2026-04-10 18:36:17 [INFO]    ✅ 新增/更新 1725 条记录
2026-04-10 18:36:17 [INFO] 🧹 [3/4] 清理未来日期...
2026-04-10 18:36:17 [INFO]    ✅ 删除 463 条未来日期记录
2026-04-10 18:36:17 [INFO] 📋 [4/4] 刷新完成汇总:
2026-04-10 18:36:17 [INFO]    📥 新增记录: 1725
2026-04-10 18:36:17 [INFO]    🧹 未来日期清理: 463
2026-04-10 18:36:17 [INFO]    📅 数据库最新: 2026-04-10
2026-04-10 18:36:17 [INFO]    ✅ 数据已同步到今天 (2026-04-10)
2026-04-10 18:36:17 [INFO] ============================================================
2026-04-10 18:36:17 [INFO] 🎉 自动刷新完成！
2026-04-10 18:36:17 [INFO] ============================================================
2026-04-10 18:36:17 [INFO] 📤 触发每日数据推送...
2026-04-10 18:36:18 [INFO]    ✅ 推送完成
