2026-04-12 18:20:05 [INFO] ============================================================
2026-04-12 18:20:05 [INFO] 🔄 QC Dashboard 自动刷新启动
2026-04-12 18:20:05 [INFO]    时间: 2026-04-12 18:20:05
2026-04-12 18:20:05 [INFO]    模式: 正式执行
2026-04-12 18:20:05 [INFO] ============================================================
2026-04-12 18:20:05 [INFO] 📊 [1/4] 检测数据缺口...
2026-04-12 18:20:05 [INFO]    ✅ 数据连续，最新日期: 2026-04-11
2026-04-12 18:20:05 [INFO] 📡 [2/4] 拉取数据 (模式: playwright)...
2026-04-12 18:20:05 [INFO]    启动 Playwright 自动下载...
2026-04-12 18:25:14 [INFO]    下载了 7 个文件: ['/Users/laitianyou/WorkBuddy/20260408163242/qc-dashboard/data/uploads/投放误漏_20260412_182228.xlsx', '/Users/laitianyou/WorkBuddy/20260408163242/qc-dashboard/data/uploads/简单二审_20260412_182408.xlsx', '/Users/laitianyou/WorkBuddy/20260408163242/qc-dashboard/data/uploads/四期-二审GT_20260412_182321.xlsx', '/Users/laitianyou/WorkBuddy/20260408163242/qc-dashboard/data/uploads/四期-二审GT_20260412_182321.xlsx', '/Users/laitianyou/WorkBuddy/20260408163242/qc-dashboard/data/uploads/四期-举报_20260412_182255.xlsx', '/Users/laitianyou/WorkBuddy/20260408163242/qc-dashboard/data/uploads/拉黑误漏_20260412_182513.xlsx', '/Users/laitianyou/WorkBuddy/20260408163242/qc-dashboard/data/uploads/上墙文本_20260412_182056.xlsx']
2026-04-12 18:25:14 [INFO] 📂 处理文件: 投放误漏_20260412_182228.xlsx
2026-04-12 18:25:14 [WARNING]   ⚠️ 子表 '量级登记' 未精确匹配，使用 '质量数据'
2026-04-12 18:25:14 [INFO]   数据维度: 0 行 × 0 列
2026-04-12 18:25:14 [WARNING]   ⚠️ 导入0条！诊断: 总行=-2, 空行=0, 无日期=0, 无指标=0
2026-04-12 18:25:14 [INFO]   ✅ 导入 0 条记录 → 队列 [投放误漏]
2026-04-12 18:25:14 [INFO]   🗑️ 已删除: 投放误漏_20260412_182228.xlsx
2026-04-12 18:25:14 [INFO]    ✅ 导入 /Users/laitianyou/WorkBuddy/20260408163242/qc-dashboard/data/uploads/投放误漏_20260412_182228.xlsx: 0 条
2026-04-12 18:25:14 [INFO] 📂 处理文件: 简单二审_20260412_182408.xlsx
2026-04-12 18:25:15 [INFO]   工作表: 量级登记 (共 10 个子表)
2026-04-12 18:25:15 [INFO]   数据维度: 486 行 × 28 列
2026-04-12 18:25:15 [WARNING]   ⚠️ 导入0条！诊断: 总行=484, 空行=0, 无日期=484, 无指标=0
2026-04-12 18:25:15 [WARNING]   📋 样本行2: A列=None, E列=0.964912280701755, F列=0
2026-04-12 18:25:15 [WARNING]   📋 样本行3: A列=None, E列=0.95, F列=0.005
2026-04-12 18:25:15 [WARNING]   📋 样本行4: A列=None, E列=0, F列=0
2026-04-12 18:25:15 [INFO]   ✅ 导入 0 条记录 → 队列 [简单二审]
2026-04-12 18:25:15 [INFO]   🗑️ 已删除: 简单二审_20260412_182408.xlsx
2026-04-12 18:25:15 [INFO]    ✅ 导入 /Users/laitianyou/WorkBuddy/20260408163242/qc-dashboard/data/uploads/简单二审_20260412_182408.xlsx: 0 条
2026-04-12 18:25:15 [INFO]    📋 共享文件备份(2个队列共用): 四期-二审GT_20260412_182321_shared2.xlsx
2026-04-12 18:25:15 [INFO] 📂 处理文件: 四期-二审GT_20260412_182321.xlsx
2026-04-12 18:25:15 [WARNING]   ⚠️ 子表 '云雀四期结算' 未精确匹配，使用 '量级登记'
2026-04-12 18:25:15 [INFO]   数据维度: 442 行 × 33 列
2026-04-12 18:25:15 [WARNING]   ⚠️ 导入0条！诊断: 总行=440, 空行=0, 无日期=440, 无指标=0
2026-04-12 18:25:15 [WARNING]   📋 样本行2: A列=None, E列=0.817460317460318, F列=0.0666666666666667
2026-04-12 18:25:15 [WARNING]   📋 样本行3: A列=None, E列=0.916666666666667, F列=0
2026-04-12 18:25:15 [WARNING]   📋 样本行4: A列=None, E列=0.821782178217822, F列=0.0363636363636364
2026-04-12 18:25:15 [INFO]   ✅ 导入 0 条记录 → 队列 [四期-二审GT]
2026-04-12 18:25:15 [INFO]   🗑️ 已删除: 四期-二审GT_20260412_182321.xlsx
2026-04-12 18:25:15 [INFO]    ✅ 导入 /Users/laitianyou/WorkBuddy/20260408163242/qc-dashboard/data/uploads/四期-二审GT_20260412_182321.xlsx: 0 条
2026-04-12 18:25:15 [INFO] 📂 处理文件: 四期-二审GT_20260412_182321_shared2.xlsx
2026-04-12 18:25:15 [WARNING]   ⚠️ 子表 '云雀四期结算' 未精确匹配，使用 '量级登记'
2026-04-12 18:25:15 [INFO]   数据维度: 442 行 × 33 列
2026-04-12 18:25:15 [WARNING]   ⚠️ 导入0条！诊断: 总行=440, 空行=0, 无日期=440, 无指标=0
2026-04-12 18:25:15 [WARNING]   📋 样本行2: A列=None, E列=0.817460317460318, F列=0.0666666666666667
2026-04-12 18:25:15 [WARNING]   📋 样本行3: A列=None, E列=0.916666666666667, F列=0
2026-04-12 18:25:15 [WARNING]   📋 样本行4: A列=None, E列=0.821782178217822, F列=0.0363636363636364
2026-04-12 18:25:15 [INFO]   ✅ 导入 0 条记录 → 队列 [四期-二审GT]
2026-04-12 18:25:15 [INFO]   🗑️ 已删除: 四期-二审GT_20260412_182321_shared2.xlsx
2026-04-12 18:25:15 [INFO]    ✅ 导入 /Users/laitianyou/WorkBuddy/20260408163242/qc-dashboard/data/uploads/四期-二审GT_20260412_182321_shared2.xlsx: 0 条
2026-04-12 18:25:15 [INFO] 📂 处理文件: 四期-举报_20260412_182255.xlsx
2026-04-12 18:25:16 [INFO]   工作表: 云雀四期结算 (共 9 个子表)
2026-04-12 18:25:16 [INFO]   数据维度: 257 行 × 43 列
2026-04-12 18:25:16 [INFO]   ✅ 导入 253 条记录 → 队列 [四期-举报]
2026-04-12 18:25:16 [INFO]   🗑️ 已删除: 四期-举报_20260412_182255.xlsx
2026-04-12 18:25:16 [INFO]    ✅ 导入 /Users/laitianyou/WorkBuddy/20260408163242/qc-dashboard/data/uploads/四期-举报_20260412_182255.xlsx: 253 条
2026-04-12 18:25:16 [INFO] 📂 处理文件: 拉黑误漏_20260412_182513.xlsx
2026-04-12 18:25:18 [INFO]   工作表: 量级登记 (共 14 个子表)
2026-04-12 18:25:18 [INFO]   数据维度: 426 行 × 90 列
2026-04-12 18:25:19 [INFO]   ✅ 导入 289 条记录 → 队列 [拉黑误漏]
2026-04-12 18:25:19 [INFO]   🗑️ 已删除: 拉黑误漏_20260412_182513.xlsx
2026-04-12 18:25:19 [INFO]    ✅ 导入 /Users/laitianyou/WorkBuddy/20260408163242/qc-dashboard/data/uploads/拉黑误漏_20260412_182513.xlsx: 289 条
2026-04-12 18:25:19 [INFO] 📂 处理文件: 上墙文本_20260412_182056.xlsx
2026-04-12 18:25:19 [INFO]   工作表: 准确率（新） (共 5 个子表)
2026-04-12 18:25:19 [INFO]   数据维度: 64 行 × 28 列
2026-04-12 18:25:19 [INFO]   ✅ 导入 40 条记录 → 队列 [上墙文本]
2026-04-12 18:25:19 [INFO]   🗑️ 已删除: 上墙文本_20260412_182056.xlsx
2026-04-12 18:25:19 [INFO]    ✅ 导入 /Users/laitianyou/WorkBuddy/20260408163242/qc-dashboard/data/uploads/上墙文本_20260412_182056.xlsx: 40 条
2026-04-12 18:25:19 [INFO]    ✅ 新增/更新 582 条记录
2026-04-12 18:25:19 [INFO] 🧹 [3/4] 清理未来日期...
2026-04-12 18:25:19 [INFO]    ✅ 删除 215 条未来日期记录
2026-04-12 18:25:19 [INFO] 📋 [4/4] 刷新完成汇总:
2026-04-12 18:25:19 [INFO]    📥 新增记录: 582
2026-04-12 18:25:19 [INFO]    🧹 未来日期清理: 215
2026-04-12 18:25:19 [INFO]    📅 数据库最新: 2026-04-12
2026-04-12 18:25:19 [INFO]    ✅ 数据已同步到今天 (2026-04-12)
2026-04-12 18:25:19 [INFO] ============================================================
2026-04-12 18:25:19 [INFO] 🎉 自动刷新完成！
2026-04-12 18:25:19 [INFO] ============================================================
2026-04-12 18:25:19 [INFO] 📤 触发每日数据推送...
2026-04-12 18:25:24 [INFO]    ✅ 推送完成
2026-04-12 18:38:28 [INFO] ============================================================
2026-04-12 18:38:28 [INFO] 🔄 QC Dashboard 自动刷新启动
2026-04-12 18:38:28 [INFO]    时间: 2026-04-12 18:38:28
2026-04-12 18:38:28 [INFO]    模式: 正式执行
2026-04-12 18:38:28 [INFO] ============================================================
2026-04-12 18:38:28 [INFO] 📊 [1/4] 检测数据缺口...
2026-04-12 18:38:28 [INFO]    ✅ 数据连续，最新日期: 2026-04-12
2026-04-12 18:38:28 [INFO] 📡 [2/4] 拉取数据 (模式: playwright)...
2026-04-12 18:38:28 [INFO]    启动 Playwright 自动下载...
2026-04-12 18:52:14 [INFO]    下载了 7 个文件: ['/Users/laitianyou/WorkBuddy/20260408163242/qc-dashboard/data/uploads/投放误漏_20260412_184121.xlsx', '/Users/laitianyou/WorkBuddy/20260408163242/qc-dashboard/data/uploads/简单二审_20260412_184500.xlsx', '/Users/laitianyou/WorkBuddy/20260408163242/qc-dashboard/data/uploads/四期-二审GT_20260412_184717.xlsx', '/Users/laitianyou/WorkBuddy/20260408163242/qc-dashboard/data/uploads/四期-二审GT_20260412_184717.xlsx', '/Users/laitianyou/WorkBuddy/20260408163242/qc-dashboard/data/uploads/四期-举报_20260412_184919.xlsx', '/Users/laitianyou/WorkBuddy/20260408163242/qc-dashboard/data/uploads/拉黑误漏_20260412_185142.xlsx', '/Users/laitianyou/WorkBuddy/20260408163242/qc-dashboard/data/uploads/上墙文本_20260412_185213.xlsx']
2026-04-12 18:52:14 [INFO] 📂 处理文件: 投放误漏_20260412_184121.xlsx
2026-04-12 18:52:14 [INFO]   工作表: 量级登记 (共 10 个子表)
2026-04-12 18:52:14 [INFO]   数据维度: 486 行 × 28 列
2026-04-12 18:52:14 [INFO]   ✅ 导入 484 条记录 → 队列 [投放误漏]
2026-04-12 18:52:14 [INFO]   🗑️ 已删除: 投放误漏_20260412_184121.xlsx
2026-04-12 18:52:14 [INFO]    ✅ 导入 /Users/laitianyou/WorkBuddy/20260408163242/qc-dashboard/data/uploads/投放误漏_20260412_184121.xlsx: 484 条
2026-04-12 18:52:14 [INFO] 📂 处理文件: 简单二审_20260412_184500.xlsx
2026-04-12 18:52:17 [INFO]   工作表: 量级登记 (共 14 个子表)
2026-04-12 18:52:17 [INFO]   数据维度: 426 行 × 90 列
2026-04-12 18:52:17 [INFO]   ✅ 导入 165 条记录 → 队列 [简单二审]
2026-04-12 18:52:17 [INFO]   🗑️ 已删除: 简单二审_20260412_184500.xlsx
2026-04-12 18:52:17 [INFO]    ✅ 导入 /Users/laitianyou/WorkBuddy/20260408163242/qc-dashboard/data/uploads/简单二审_20260412_184500.xlsx: 165 条
2026-04-12 18:52:17 [INFO]    📋 共享文件备份(2个队列共用): 四期-二审GT_20260412_184717_shared2.xlsx
2026-04-12 18:52:17 [INFO] 📂 处理文件: 四期-二审GT_20260412_184717.xlsx
2026-04-12 18:52:18 [INFO]   工作表: 云雀四期结算 (共 19 个子表)
2026-04-12 18:52:18 [INFO]   数据维度: 262 行 × 126 列
2026-04-12 18:52:18 [INFO]   ✅ 导入 174 条记录 → 队列 [四期-二审GT]
2026-04-12 18:52:18 [INFO]   🗑️ 已删除: 四期-二审GT_20260412_184717.xlsx
2026-04-12 18:52:18 [INFO]    ✅ 导入 /Users/laitianyou/WorkBuddy/20260408163242/qc-dashboard/data/uploads/四期-二审GT_20260412_184717.xlsx: 174 条
2026-04-12 18:52:18 [INFO] 📂 处理文件: 四期-二审GT_20260412_184717_shared2.xlsx
2026-04-12 18:52:18 [INFO]   工作表: 云雀四期结算 (共 19 个子表)
2026-04-12 18:52:18 [INFO]   数据维度: 262 行 × 126 列
2026-04-12 18:52:18 [INFO]   ✅ 导入 174 条记录 → 队列 [四期-二审GT]
2026-04-12 18:52:18 [INFO]   🗑️ 已删除: 四期-二审GT_20260412_184717_shared2.xlsx
2026-04-12 18:52:18 [INFO]    ✅ 导入 /Users/laitianyou/WorkBuddy/20260408163242/qc-dashboard/data/uploads/四期-二审GT_20260412_184717_shared2.xlsx: 174 条
2026-04-12 18:52:18 [INFO] 📂 处理文件: 四期-举报_20260412_184919.xlsx
2026-04-12 18:52:18 [INFO]   工作表: 云雀四期结算 (共 9 个子表)
2026-04-12 18:52:18 [INFO]   数据维度: 257 行 × 43 列
2026-04-12 18:52:18 [INFO]   ✅ 导入 253 条记录 → 队列 [四期-举报]
2026-04-12 18:52:18 [INFO]   🗑️ 已删除: 四期-举报_20260412_184919.xlsx
2026-04-12 18:52:18 [INFO]    ✅ 导入 /Users/laitianyou/WorkBuddy/20260408163242/qc-dashboard/data/uploads/四期-举报_20260412_184919.xlsx: 253 条
2026-04-12 18:52:18 [INFO] 📂 处理文件: 拉黑误漏_20260412_185142.xlsx
2026-04-12 18:52:19 [INFO]   工作表: 量级登记 (共 16 个子表)
2026-04-12 18:52:19 [INFO]   数据维度: 442 行 × 33 列
2026-04-12 18:52:19 [INFO]   ✅ 导入 440 条记录 → 队列 [拉黑误漏]
2026-04-12 18:52:19 [INFO]   🗑️ 已删除: 拉黑误漏_20260412_185142.xlsx
2026-04-12 18:52:19 [INFO]    ✅ 导入 /Users/laitianyou/WorkBuddy/20260408163242/qc-dashboard/data/uploads/拉黑误漏_20260412_185142.xlsx: 440 条
2026-04-12 18:52:19 [INFO] 📂 处理文件: 上墙文本_20260412_185213.xlsx
2026-04-12 18:52:19 [INFO]   工作表: 准确率（新） (共 5 个子表)
2026-04-12 18:52:19 [INFO]   数据维度: 64 行 × 28 列
2026-04-12 18:52:19 [INFO]   ✅ 导入 40 条记录 → 队列 [上墙文本]
2026-04-12 18:52:19 [INFO]   🗑️ 已删除: 上墙文本_20260412_185213.xlsx
2026-04-12 18:52:19 [INFO]    ✅ 导入 /Users/laitianyou/WorkBuddy/20260408163242/qc-dashboard/data/uploads/上墙文本_20260412_185213.xlsx: 40 条
2026-04-12 18:52:19 [INFO]    ✅ 新增/更新 1730 条记录
2026-04-12 18:52:19 [INFO] 🧹 [3/4] 清理未来日期...
2026-04-12 18:52:19 [INFO]    ✅ 删除 437 条未来日期记录
2026-04-12 18:52:19 [INFO] 📋 [4/4] 刷新完成汇总:
2026-04-12 18:52:19 [INFO]    📥 新增记录: 1730
2026-04-12 18:52:19 [INFO]    🧹 未来日期清理: 437
2026-04-12 18:52:19 [INFO]    📅 数据库最新: 2026-04-12
2026-04-12 18:52:19 [INFO]    ✅ 数据已同步到今天 (2026-04-12)
2026-04-12 18:52:19 [INFO] ============================================================
2026-04-12 18:52:19 [INFO] 🎉 自动刷新完成！
2026-04-12 18:52:19 [INFO] ============================================================
2026-04-12 18:52:19 [INFO] 📤 触发每日数据推送...
2026-04-12 18:52:34 [INFO]    ✅ 推送完成
2026-04-12 19:21:25 [INFO] ============================================================
2026-04-12 19:21:25 [INFO] 🔄 QC Dashboard 自动刷新启动
2026-04-12 19:21:25 [INFO]    时间: 2026-04-12 19:21:25
2026-04-12 19:21:25 [INFO]    模式: DRY-RUN（仅检查）
2026-04-12 19:21:25 [INFO] ============================================================
2026-04-12 19:21:25 [INFO] 📊 [1/4] 检测数据缺口...
2026-04-12 19:21:25 [INFO]    ✅ 数据连续，最新日期: 2026-04-12
2026-04-12 19:21:25 [INFO] 🏁 DRY-RUN 模式，不执行实际操作
2026-04-12 19:21:34 [INFO] ============================================================
2026-04-12 19:21:34 [INFO] 🔄 QC Dashboard 自动刷新启动
2026-04-12 19:21:34 [INFO]    时间: 2026-04-12 19:21:34
2026-04-12 19:21:34 [INFO]    模式: 正式执行
2026-04-12 19:21:34 [INFO] ============================================================
2026-04-12 19:21:34 [INFO] 📊 [1/4] 检测数据缺口...
2026-04-12 19:21:34 [INFO]    ✅ 数据连续，最新日期: 2026-04-12
2026-04-12 19:21:34 [INFO] 📡 [2/4] 拉取数据 (模式: playwright)...
2026-04-12 19:21:34 [INFO]    启动 Playwright 自动下载...
2026-04-12 19:37:15 [INFO]    下载了 7 个文件(队列映射)
2026-04-12 19:37:16 [INFO] 📂 处理文件: 投放误漏_20260412_192542.xlsx
2026-04-12 19:37:16 [INFO]   队列匹配: 投放误漏 (精确ID匹配)
2026-04-12 19:37:16 [INFO]   工作表: 量级登记 (共 10 个子表)
2026-04-12 19:37:16 [INFO]   数据维度: 486 行 × 28 列
2026-04-12 19:37:16 [INFO]   ✅ 导入 484 条记录 → 队列 [投放误漏]
2026-04-12 19:37:16 [INFO]   🗑️ 已删除: 投放误漏_20260412_192542.xlsx
2026-04-12 19:37:16 [INFO]    ✅ 导入 [q1_toufang] 投放误漏_20260412_192542.xlsx: 484 条
2026-04-12 19:37:16 [INFO] 📂 处理文件: 简单二审_20260412_192943.xlsx
2026-04-12 19:37:16 [INFO]   队列匹配: 简单二审 (精确ID匹配)
2026-04-12 19:37:19 [INFO]   工作表: 量级登记 (共 14 个子表)
2026-04-12 19:37:19 [INFO]   数据维度: 426 行 × 90 列
2026-04-12 19:37:19 [INFO]   ✅ 导入 165 条记录 → 队列 [简单二审]
2026-04-12 19:37:19 [INFO]   🗑️ 已删除: 简单二审_20260412_192943.xlsx
2026-04-12 19:37:19 [INFO]    ✅ 导入 [q2_erjiansimple] 简单二审_20260412_192943.xlsx: 165 条
2026-04-12 19:37:19 [INFO] 📂 处理文件: 四期-二审GT_20260412_193210.xlsx
2026-04-12 19:37:19 [INFO]   队列匹配: 四期-二审GT (精确ID匹配)
2026-04-12 19:37:20 [INFO]   工作表: 云雀四期结算 (共 19 个子表)
2026-04-12 19:37:20 [INFO]   数据维度: 262 行 × 126 列
2026-04-12 19:37:20 [INFO]   ✅ 导入 174 条记录 → 队列 [四期-二审GT]
2026-04-12 19:37:20 [INFO]   🗑️ 已删除: 四期-二审GT_20260412_193210.xlsx
2026-04-12 19:37:20 [INFO]    ✅ 导入 [q3_erjian_4qi_gt] 四期-二审GT_20260412_193210.xlsx: 174 条
2026-04-12 19:37:20 [WARNING]    ⚠️ 文件不存在，跳过: /Users/laitianyou/WorkBuddy/20260408163242/qc-dashboard/data/uploads/四期-二审GT_20260412_193210.xlsx
2026-04-12 19:37:20 [INFO] 📂 处理文件: 四期-举报_20260412_193409.xlsx
2026-04-12 19:37:20 [INFO]   队列匹配: 四期-举报 (精确ID匹配)
2026-04-12 19:37:20 [INFO]   工作表: 云雀四期结算 (共 9 个子表)
2026-04-12 19:37:20 [INFO]   数据维度: 257 行 × 43 列
2026-04-12 19:37:20 [INFO]   ✅ 导入 253 条记录 → 队列 [四期-举报]
2026-04-12 19:37:20 [INFO]   🗑️ 已删除: 四期-举报_20260412_193409.xlsx
2026-04-12 19:37:20 [INFO]    ✅ 导入 [q4_jubao_4qi] 四期-举报_20260412_193409.xlsx: 253 条
2026-04-12 19:37:20 [INFO] 📂 处理文件: 拉黑误漏_20260412_193646.xlsx
2026-04-12 19:37:20 [INFO]   队列匹配: 拉黑误漏 (精确ID匹配)
2026-04-12 19:37:20 [INFO]   工作表: 量级登记 (共 16 个子表)
2026-04-12 19:37:20 [INFO]   数据维度: 442 行 × 33 列
2026-04-12 19:37:21 [INFO]   ✅ 导入 440 条记录 → 队列 [拉黑误漏]
2026-04-12 19:37:21 [INFO]   🗑️ 已删除: 拉黑误漏_20260412_193646.xlsx
2026-04-12 19:37:21 [INFO]    ✅ 导入 [q5_lahei] 拉黑误漏_20260412_193646.xlsx: 440 条
2026-04-12 19:37:21 [INFO] 📂 处理文件: 上墙文本_20260412_193715.xlsx
2026-04-12 19:37:21 [INFO]   队列匹配: 上墙文本 (精确ID匹配)
2026-04-12 19:37:21 [INFO]   工作表: 准确率（新） (共 5 个子表)
2026-04-12 19:37:21 [INFO]   数据维度: 64 行 × 28 列
2026-04-12 19:37:21 [INFO]   ✅ 导入 40 条记录 → 队列 [上墙文本]
2026-04-12 19:37:21 [INFO]   🗑️ 已删除: 上墙文本_20260412_193715.xlsx
2026-04-12 19:37:21 [INFO]    ✅ 导入 [q6_shangqiang] 上墙文本_20260412_193715.xlsx: 40 条
2026-04-12 19:37:21 [INFO]    ✅ 新增/更新 1556 条记录
2026-04-12 19:37:21 [INFO] 🧹 [3/4] 清理未来日期...
2026-04-12 19:37:21 [INFO]    ✅ 删除 437 条未来日期记录
2026-04-12 19:37:21 [INFO] 📋 [4/4] 刷新完成汇总:
2026-04-12 19:37:21 [INFO]    📥 新增记录: 1556
2026-04-12 19:37:21 [INFO]    🧹 未来日期清理: 437
2026-04-12 19:37:21 [INFO]    📅 数据库最新: 2026-04-12
2026-04-12 19:37:21 [INFO]    ✅ 数据已同步到今天 (2026-04-12)
2026-04-12 19:37:21 [INFO] ============================================================
2026-04-12 19:37:21 [INFO] 🎉 自动刷新完成！
2026-04-12 19:37:21 [INFO] ============================================================
2026-04-12 19:37:21 [INFO] 📤 触发每日数据推送...
2026-04-12 19:37:53 [INFO]    ✅ 推送完成
2026-04-12 19:39:09 [INFO] ============================================================
2026-04-12 19:39:09 [INFO] 🔄 QC Dashboard 自动刷新启动
2026-04-12 19:39:09 [INFO]    时间: 2026-04-12 19:39:09
2026-04-12 19:39:09 [INFO]    模式: 正式执行
2026-04-12 19:39:09 [INFO] ============================================================
2026-04-12 19:39:09 [INFO] 📊 [1/4] 检测数据缺口...
2026-04-12 19:39:09 [INFO]    ✅ 数据连续，最新日期: 2026-04-12
2026-04-12 19:39:09 [INFO] 📡 [2/4] 拉取数据 (模式: playwright)...
2026-04-12 19:39:09 [INFO]    启动 Playwright 自动下载...
2026-04-12 19:51:46 [INFO]    下载了 7 个文件(队列映射)
2026-04-12 19:51:47 [INFO] 📂 处理文件: 投放误漏_20260412_194149.xlsx
2026-04-12 19:51:47 [INFO]   队列匹配: 投放误漏 (精确ID匹配)
2026-04-12 19:51:47 [INFO]   工作表: 量级登记 (共 10 个子表)
2026-04-12 19:51:47 [INFO]   数据维度: 486 行 × 28 列
2026-04-12 19:51:47 [INFO]   ✅ 导入 484 条记录 → 队列 [投放误漏]
2026-04-12 19:51:47 [INFO]    ✅ 导入 [q1_toufang] 投放误漏_20260412_194149.xlsx: 484 条
2026-04-12 19:51:47 [INFO] 📂 处理文件: 简单二审_20260412_194540.xlsx
2026-04-12 19:51:47 [INFO]   队列匹配: 简单二审 (精确ID匹配)
2026-04-12 19:51:50 [INFO]   工作表: 量级登记 (共 14 个子表)
2026-04-12 19:51:50 [INFO]   数据维度: 426 行 × 90 列
2026-04-12 19:51:50 [INFO]   ✅ 导入 165 条记录 → 队列 [简单二审]
2026-04-12 19:51:50 [INFO]    ✅ 导入 [q2_erjiansimple] 简单二审_20260412_194540.xlsx: 165 条
2026-04-12 19:51:50 [INFO] 📂 处理文件: 四期-二审GT_20260412_194745.xlsx
2026-04-12 19:51:50 [INFO]   队列匹配: 四期-二审GT (精确ID匹配)
2026-04-12 19:51:51 [INFO]   工作表: 云雀四期结算 (共 19 个子表)
2026-04-12 19:51:51 [INFO]   数据维度: 262 行 × 126 列
2026-04-12 19:51:51 [INFO]   ✅ 导入 174 条记录 → 队列 [四期-二审GT]
2026-04-12 19:51:51 [INFO]    ✅ 导入 [q3_erjian_4qi_gt] 四期-二审GT_20260412_194745.xlsx: 174 条
2026-04-12 19:51:51 [INFO] 📂 处理文件: 四期-二审GT_20260412_194745.xlsx
2026-04-12 19:51:51 [INFO]   队列匹配: 四期-切片GT (精确ID匹配)
2026-04-12 19:51:51 [INFO]   工作表: 云雀四期结算 (共 19 个子表)
2026-04-12 19:51:51 [INFO]   数据维度: 262 行 × 126 列
2026-04-12 19:51:51 [INFO]   ✅ 导入 174 条记录 → 队列 [四期-切片GT]
2026-04-12 19:51:51 [INFO]    ✅ 导入 [q3b_erjian_4qi_qiepian] 四期-二审GT_20260412_194745.xlsx: 174 条
2026-04-12 19:51:51 [INFO] 📂 处理文件: 四期-举报_20260412_194857.xlsx
2026-04-12 19:51:51 [INFO]   队列匹配: 四期-举报 (精确ID匹配)
2026-04-12 19:51:52 [INFO]   工作表: 云雀四期结算 (共 9 个子表)
2026-04-12 19:51:52 [INFO]   数据维度: 257 行 × 43 列
2026-04-12 19:51:52 [INFO]   ✅ 导入 253 条记录 → 队列 [四期-举报]
2026-04-12 19:51:52 [INFO]    ✅ 导入 [q4_jubao_4qi] 四期-举报_20260412_194857.xlsx: 253 条
2026-04-12 19:51:52 [INFO] 📂 处理文件: 拉黑误漏_20260412_195114.xlsx
2026-04-12 19:51:52 [INFO]   队列匹配: 拉黑误漏 (精确ID匹配)
2026-04-12 19:51:52 [INFO]   工作表: 量级登记 (共 16 个子表)
2026-04-12 19:51:52 [INFO]   数据维度: 442 行 × 33 列
2026-04-12 19:51:52 [INFO]   ✅ 导入 440 条记录 → 队列 [拉黑误漏]
2026-04-12 19:51:52 [INFO]    ✅ 导入 [q5_lahei] 拉黑误漏_20260412_195114.xlsx: 440 条
2026-04-12 19:51:52 [INFO] 📂 处理文件: 上墙文本_20260412_195146.xlsx
2026-04-12 19:51:52 [INFO]   队列匹配: 上墙文本 (精确ID匹配)
2026-04-12 19:51:52 [INFO]   工作表: 准确率（新） (共 5 个子表)
2026-04-12 19:51:52 [INFO]   数据维度: 64 行 × 28 列
2026-04-12 19:51:52 [INFO]   ✅ 导入 40 条记录 → 队列 [上墙文本]
2026-04-12 19:51:52 [INFO]    ✅ 导入 [q6_shangqiang] 上墙文本_20260412_195146.xlsx: 40 条
2026-04-12 19:51:52 [INFO]    ✅ 新增/更新 1730 条记录
2026-04-12 19:51:52 [INFO] 🧹 [3/4] 清理未来日期...
2026-04-12 19:51:52 [INFO]    ✅ 删除 491 条未来日期记录
2026-04-12 19:51:52 [INFO] 📋 [4/4] 刷新完成汇总:
2026-04-12 19:51:52 [INFO]    📥 新增记录: 1730
2026-04-12 19:51:52 [INFO]    🧹 未来日期清理: 491
2026-04-12 19:51:52 [INFO]    📅 数据库最新: 2026-04-12
2026-04-12 19:51:52 [INFO]    ✅ 数据已同步到今天 (2026-04-12)
2026-04-12 19:51:52 [INFO] ============================================================
2026-04-12 19:51:52 [INFO] 🎉 自动刷新完成！
2026-04-12 19:51:52 [INFO] ============================================================
2026-04-12 19:51:52 [INFO] 📤 触发每日数据推送...
2026-04-12 19:51:59 [INFO]    ✅ 推送完成
