2026-04-11 18:20:02 [INFO] ============================================================
2026-04-11 18:20:02 [INFO] 🔄 QC Dashboard 自动刷新启动
2026-04-11 18:20:02 [INFO]    时间: 2026-04-11 18:20:02
2026-04-11 18:20:02 [INFO]    模式: 正式执行
2026-04-11 18:20:02 [INFO] ============================================================
2026-04-11 18:20:03 [INFO] 📊 [1/4] 检测数据缺口...
2026-04-11 18:20:03 [INFO]    ✅ 数据连续，最新日期: 2026-04-10
2026-04-11 18:20:03 [INFO] 📡 [2/4] 拉取数据 (模式: playwright)...
2026-04-11 18:20:03 [INFO]    启动 Playwright 自动下载...
2026-04-11 18:25:21 [INFO]    下载了 4 个文件: ['/Users/laitianyou/WorkBuddy/20260408163242/qc-dashboard/data/uploads/投放误漏_20260411_182320.xlsx', '/Users/laitianyou/WorkBuddy/20260408163242/qc-dashboard/data/uploads/简单二审_20260411_182420.xlsx', '/Users/laitianyou/WorkBuddy/20260408163242/qc-dashboard/data/uploads/拉黑误漏_20260411_182520.xlsx', '/Users/laitianyou/WorkBuddy/20260408163242/qc-dashboard/data/uploads/上墙文本_20260411_182048.xlsx']
2026-04-11 18:25:21 [INFO] 📂 处理文件: 投放误漏_20260411_182320.xlsx
2026-04-11 18:25:21 [INFO]   工作表: 量级登记 (共 16 个子表)
2026-04-11 18:25:22 [INFO]   数据维度: 442 行 × 33 列
2026-04-11 18:25:22 [INFO]   ✅ 导入 440 条记录 → 队列 [投放误漏]
2026-04-11 18:25:22 [INFO]   🗑️ 已删除: 投放误漏_20260411_182320.xlsx
2026-04-11 18:25:22 [INFO]    ✅ 导入 /Users/laitianyou/WorkBuddy/20260408163242/qc-dashboard/data/uploads/投放误漏_20260411_182320.xlsx: 440 条
2026-04-11 18:25:22 [INFO] 📂 处理文件: 简单二审_20260411_182420.xlsx
2026-04-11 18:25:22 [INFO]   工作表: 量级登记 (共 10 个子表)
2026-04-11 18:25:22 [INFO]   数据维度: 486 行 × 28 列
2026-04-11 18:25:22 [WARNING]   ⚠️ 导入0条！诊断: 总行=484, 空行=0, 无日期=484, 无指标=0
2026-04-11 18:25:22 [WARNING]   📋 样本行2: A列=None, E列=0.964912280701755, F列=0
2026-04-11 18:25:22 [WARNING]   📋 样本行3: A列=None, E列=0.95, F列=0.005
2026-04-11 18:25:22 [WARNING]   📋 样本行4: A列=None, E列=0, F列=0
2026-04-11 18:25:22 [INFO]   ✅ 导入 0 条记录 → 队列 [简单二审]
2026-04-11 18:25:22 [INFO]   🗑️ 已删除: 简单二审_20260411_182420.xlsx
2026-04-11 18:25:22 [INFO]    ✅ 导入 /Users/laitianyou/WorkBuddy/20260408163242/qc-dashboard/data/uploads/简单二审_20260411_182420.xlsx: 0 条
2026-04-11 18:25:22 [INFO] 📂 处理文件: 拉黑误漏_20260411_182520.xlsx
2026-04-11 18:25:24 [INFO]   工作表: 量级登记 (共 14 个子表)
2026-04-11 18:25:24 [INFO]   数据维度: 426 行 × 90 列
2026-04-11 18:25:24 [INFO]   ✅ 导入 289 条记录 → 队列 [拉黑误漏]
2026-04-11 18:25:24 [INFO]   🗑️ 已删除: 拉黑误漏_20260411_182520.xlsx
2026-04-11 18:25:24 [INFO]    ✅ 导入 /Users/laitianyou/WorkBuddy/20260408163242/qc-dashboard/data/uploads/拉黑误漏_20260411_182520.xlsx: 289 条
2026-04-11 18:25:24 [INFO] 📂 处理文件: 上墙文本_20260411_182048.xlsx
2026-04-11 18:25:24 [INFO]   工作表: 准确率（新） (共 5 个子表)
2026-04-11 18:25:24 [INFO]   数据维度: 64 行 × 28 列
2026-04-11 18:25:24 [INFO]   ✅ 导入 40 条记录 → 队列 [上墙文本]
2026-04-11 18:25:24 [INFO]   🗑️ 已删除: 上墙文本_20260411_182048.xlsx
2026-04-11 18:25:24 [INFO]    ✅ 导入 /Users/laitianyou/WorkBuddy/20260408163242/qc-dashboard/data/uploads/上墙文本_20260411_182048.xlsx: 40 条
2026-04-11 18:25:24 [INFO]    ✅ 新增/更新 769 条记录
2026-04-11 18:25:24 [INFO] 🧹 [3/4] 清理未来日期...
2026-04-11 18:25:24 [INFO]    ✅ 删除 54 条未来日期记录
2026-04-11 18:25:24 [INFO] 📋 [4/4] 刷新完成汇总:
2026-04-11 18:25:24 [INFO]    📥 新增记录: 769
2026-04-11 18:25:24 [INFO]    🧹 未来日期清理: 54
2026-04-11 18:25:24 [INFO]    📅 数据库最新: 2026-04-11
2026-04-11 18:25:24 [INFO]    ✅ 数据已同步到今天 (2026-04-11)
2026-04-11 18:25:24 [INFO] ============================================================
2026-04-11 18:25:24 [INFO] 🎉 自动刷新完成！
2026-04-11 18:25:24 [INFO] ============================================================
2026-04-11 18:25:24 [INFO] 📤 触发每日数据推送...
2026-04-11 18:25:28 [INFO]    ✅ 推送完成
