2026-04-16 18:20:05 [INFO] ============================================================
2026-04-16 18:20:05 [INFO] 🔄 QC Dashboard 自动刷新启动
2026-04-16 18:20:05 [INFO]    时间: 2026-04-16 18:20:05
2026-04-16 18:20:05 [INFO]    模式: 正式执行
2026-04-16 18:20:05 [INFO] ============================================================
2026-04-16 18:20:05 [INFO] 📊 [1/4] 检测数据缺口...
2026-04-16 18:20:05 [INFO]    ✅ 数据连续，最新日期: 2026-04-15
2026-04-16 18:20:05 [INFO] 📡 [2/4] 拉取数据 (模式: playwright)...
2026-04-16 18:20:05 [INFO]    启动 Playwright 自动下载...
2026-04-16 18:38:00 [INFO]    下载了 7 个文件(队列映射)
2026-04-16 18:38:02 [INFO] 📂 处理文件: 投放误漏_20260416_182351.xlsx
2026-04-16 18:38:02 [INFO]   队列匹配: 投放误漏 (精确ID匹配)
2026-04-16 18:38:02 [INFO]   工作表: 量级登记 (共 10 个子表)
2026-04-16 18:38:02 [INFO]   数据维度: 486 行 × 28 列
2026-04-16 18:38:03 [INFO]   ✅ 导入 484 条记录 → 队列 [投放误漏]
2026-04-16 18:38:03 [INFO]    ✅ 导入 [q1_toufang] 投放误漏_20260416_182351.xlsx: 484 条
2026-04-16 18:38:03 [INFO] 📂 处理文件: 简单二审_20260416_182956.xlsx
2026-04-16 18:38:03 [INFO]   队列匹配: 简单二审 (精确ID匹配)
2026-04-16 18:38:06 [INFO]   工作表: 量级登记 (共 16 个子表)
2026-04-16 18:38:06 [INFO]   数据维度: 426 行 × 91 列
2026-04-16 18:38:06 [INFO]   ✅ 导入 165 条记录 → 队列 [简单二审]
2026-04-16 18:38:06 [INFO]    ✅ 导入 [q2_erjiansimple] 简单二审_20260416_182956.xlsx: 165 条
2026-04-16 18:38:06 [INFO] 📂 处理文件: 四期-二审GT_20260416_183252.xlsx
2026-04-16 18:38:06 [INFO]   队列匹配: 四期-二审GT (精确ID匹配)
2026-04-16 18:38:07 [INFO]   工作表: 云雀四期结算 (共 19 个子表)
2026-04-16 18:38:07 [INFO]   数据维度: 262 行 × 126 列
2026-04-16 18:38:07 [WARNING]   ⚠️ 导入0条！诊断: 总行=260, 空行=0, 无日期=86, 无指标=174
2026-04-16 18:38:07 [WARNING]   📋 样本行2: date_col(AR)=二审GT, metrics={'BE': None, 'BH': None}
2026-04-16 18:38:07 [WARNING]   📋 样本行3: date_col(AR)=审核日期, metrics={'BE': '申诉后的违规准确率', 'BH': '申诉后的漏率'}
2026-04-16 18:38:07 [WARNING]   📋 样本行4: date_col(AR)=None, metrics={'BE': None, 'BH': None}
2026-04-16 18:38:07 [INFO]   ✅ 导入 0 条记录 → 队列 [四期-二审GT]
2026-04-16 18:38:07 [INFO]    ✅ 导入 [q3_erjian_4qi_gt] 四期-二审GT_20260416_183252.xlsx: 0 条
2026-04-16 18:38:07 [INFO] 📂 处理文件: 四期-二审GT_20260416_183252.xlsx
2026-04-16 18:38:07 [INFO]   队列匹配: 四期-切片GT (精确ID匹配)
2026-04-16 18:38:07 [INFO]   工作表: 云雀四期结算 (共 19 个子表)
2026-04-16 18:38:07 [INFO]   数据维度: 262 行 × 126 列
2026-04-16 18:38:07 [WARNING]   ⚠️ 导入0条！诊断: 总行=260, 空行=0, 无日期=86, 无指标=174
2026-04-16 18:38:07 [WARNING]   📋 样本行2: date_col(CB)=二审切片GT, metrics={'CO': None, 'CR': None}
2026-04-16 18:38:07 [WARNING]   📋 样本行3: date_col(CB)=审核日期, metrics={'CO': '申诉后的违规准确率', 'CR': '申诉后的漏率'}
2026-04-16 18:38:07 [WARNING]   📋 样本行4: date_col(CB)=None, metrics={'CO': None, 'CR': None}
2026-04-16 18:38:07 [INFO]   ✅ 导入 0 条记录 → 队列 [四期-切片GT]
2026-04-16 18:38:07 [INFO]    ✅ 导入 [q3b_erjian_4qi_qiepian] 四期-二审GT_20260416_183252.xlsx: 0 条
2026-04-16 18:38:07 [INFO] 📂 处理文件: 四期-举报_20260416_183421.xlsx
2026-04-16 18:38:07 [INFO]   队列匹配: 四期-举报 (精确ID匹配)
2026-04-16 18:38:07 [INFO]   工作表: 云雀四期结算 (共 7 个子表)
2026-04-16 18:38:07 [INFO]   数据维度: 257 行 × 43 列
2026-04-16 18:38:07 [INFO]   ✅ 导入 253 条记录 → 队列 [四期-举报]
2026-04-16 18:38:07 [INFO]    ✅ 导入 [q4_jubao_4qi] 四期-举报_20260416_183421.xlsx: 253 条
2026-04-16 18:38:07 [INFO] 📂 处理文件: 拉黑误漏_20260416_183723.xlsx
2026-04-16 18:38:07 [INFO]   队列匹配: 拉黑误漏 (精确ID匹配)
2026-04-16 18:38:08 [INFO]   工作表: 量级登记 (共 16 个子表)
2026-04-16 18:38:08 [INFO]   数据维度: 442 行 × 33 列
2026-04-16 18:38:08 [INFO]   ✅ 导入 440 条记录 → 队列 [拉黑误漏]
2026-04-16 18:38:08 [INFO]    ✅ 导入 [q5_lahei] 拉黑误漏_20260416_183723.xlsx: 440 条
2026-04-16 18:38:08 [INFO] 📂 处理文件: 上墙文本_20260416_183800.xlsx
2026-04-16 18:38:08 [INFO]   队列匹配: 上墙文本 (精确ID匹配)
2026-04-16 18:38:08 [INFO]   工作表: 准确率（新） (共 6 个子表)
2026-04-16 18:38:08 [INFO]   数据维度: 64 行 × 28 列
2026-04-16 18:38:08 [INFO]   ✅ 导入 44 条记录 → 队列 [上墙文本]
2026-04-16 18:38:08 [INFO]    ✅ 导入 [q6_shangqiang] 上墙文本_20260416_183800.xlsx: 44 条
2026-04-16 18:38:08 [INFO]    ✅ 新增/更新 1386 条记录
2026-04-16 18:38:08 [INFO] 🧹 [3/4] 清理未来日期...
2026-04-16 18:38:08 [INFO]    ✅ 删除 339 条未来日期记录
2026-04-16 18:38:08 [INFO] 📋 [4/4] 刷新完成汇总:
2026-04-16 18:38:08 [INFO]    📥 新增记录: 1386
2026-04-16 18:38:08 [INFO]    🧹 未来日期清理: 339
2026-04-16 18:38:08 [INFO]    📅 数据库最新: 2026-04-16
2026-04-16 18:38:08 [INFO]    ✅ 数据已同步到今天 (2026-04-16)
2026-04-16 18:38:08 [INFO] ============================================================
2026-04-16 18:38:08 [INFO] 🎉 自动刷新完成！
2026-04-16 18:38:08 [INFO] ============================================================
2026-04-16 18:38:08 [INFO] 📤 每日推送未启用 (push.enabled=false)
2026-04-16 18:38:08 [INFO] 📦 [6/6] Git 推送数据库...
2026-04-16 18:38:11 [INFO]    ✅ Git push 完成 → Streamlit Cloud 将自动同步
